# JRE version: OpenJDK Runtime Environment JBR-11.0.12.7-1504.28-jcef (11.0.12+7) (build 11.0.12+7-b1504.28)
# Java VM: OpenJDK 64-Bit Server VM JBR-11.0.12.7-1504.28-jcef (11.0.12+7-b1504.28, mixed mode, tiered, compressed oops, g1 gc, bsd-amd64)
Heap:
 garbage-first heap   total 189440K, used 111616K [0x0000000780000000, 0x0000000800000000)
  region size 1024K, 10 young (10240K), 8 survivors (8192K)
 Metaspace       used 115779K, capacity 118894K, committed 119148K, reserved 1153024K
  class space    used 14211K, capacity 15323K, committed 15332K, reserved 1048576K
GC Heap History (20 events):
Event: 2595.758 GC heap before
{Heap before GC invocations=79 (full 0):
 garbage-first heap   total 189440K, used 143203K [0x0000000780000000, 0x0000000800000000)
  region size 1024K, 71 young (72704K), 3 survivors (3072K)
 Metaspace       used 115415K, capacity 118537K, committed 118636K, reserved 1153024K
  class space    used 14204K, capacity 15320K, committed 15332K, reserved 1048576K
}
Event: 2595.784 GC heap after
{Heap after GC invocations=80 (full 0):
 garbage-first heap   total 189440K, used 77541K [0x0000000780000000, 0x0000000800000000)
  region size 1024K, 6 young (6144K), 6 survivors (6144K)
 Metaspace       used 115415K, capacity 118537K, committed 118636K, reserved 1153024K
  class space    used 14204K, capacity 15320K, committed 15332K, reserved 1048576K
}
Event: 2595.795 GC heap before
{Heap before GC invocations=80 (full 0):
 garbage-first heap   total 189440K, used 79589K [0x0000000780000000, 0x0000000800000000)
  region size 1024K, 9 young (9216K), 6 survivors (6144K)
 Metaspace       used 115415K, capacity 118537K, committed 118636K, reserved 1153024K
  class space    used 14204K, capacity 15320K, committed 15332K, reserved 1048576K
}
Event: 2595.821 GC heap after
{Heap after GC invocations=81 (full 0):
 garbage-first heap   total 189440K, used 75000K [0x0000000780000000, 0x0000000800000000)
  region size 1024K, 1 young (1024K), 1 survivors (1024K)
 Metaspace       used 115415K, capacity 118537K, committed 118636K, reserved 1153024K
  class space    used 14204K, capacity 15320K, committed 15332K, reserved 1048576K
}
Event: 2596.090 GC heap before
{Heap before GC invocations=81 (full 0):
 garbage-first heap   total 189440K, used 110840K [0x0000000780000000, 0x0000000800000000)
  region size 1024K, 38 young (38912K), 1 survivors (1024K)
 Metaspace       used 115463K, capacity 118607K, committed 118892K, reserved 1153024K
  class space    used 14210K, capacity 15322K, committed 15332K, reserved 1048576K
}
Event: 2596.097 GC heap after
{Heap after GC invocations=82 (full 0):
 garbage-first heap   total 189440K, used 75974K [0x0000000780000000, 0x0000000800000000)
  region size 1024K, 2 young (2048K), 2 survivors (2048K)
 Metaspace       used 115463K, capacity 118607K, committed 118892K, reserved 1153024K
  class space    used 14210K, capacity 15322K, committed 15332K, reserved 1048576K
}
Event: 2596.680 GC heap before
{Heap before GC invocations=83 (full 0):
 garbage-first heap   total 189440K, used 150726K [0x0000000780000000, 0x0000000800000000)
  region size 1024K, 72 young (73728K), 2 survivors (2048K)
 Metaspace       used 115583K, capacity 118760K, committed 118892K, reserved 1153024K
  class space    used 14212K, capacity 15325K, committed 15332K, reserved 1048576K
}
Event: 2596.696 GC heap after
{Heap after GC invocations=84 (full 0):
 garbage-first heap   total 189440K, used 83197K [0x0000000780000000, 0x0000000800000000)
  region size 1024K, 7 young (7168K), 7 survivors (7168K)
 Metaspace       used 115583K, capacity 118760K, committed 118892K, reserved 1153024K
  class space    used 14212K, capacity 15325K, committed 15332K, reserved 1048576K
}
Event: 2596.701 GC heap before
{Heap before GC invocations=84 (full 0):
 garbage-first heap   total 189440K, used 85245K [0x0000000780000000, 0x0000000800000000)
  region size 1024K, 9 young (9216K), 7 survivors (7168K)
 Metaspace       used 115584K, capacity 118760K, committed 118892K, reserved 1153024K
  class space    used 14212K, capacity 15325K, committed 15332K, reserved 1048576K
}
Event: 2596.730 GC heap after
{Heap after GC invocations=85 (full 0):
 garbage-first heap   total 189440K, used 76215K [0x0000000780000000, 0x0000000800000000)
  region size 1024K, 1 young (1024K), 1 survivors (1024K)
 Metaspace       used 115584K, capacity 118760K, committed 118892K, reserved 1153024K
  class space    used 14212K, capacity 15325K, committed 15332K, reserved 1048576K
}
Event: 2596.961 GC heap before
{Heap before GC invocations=85 (full 0):
 garbage-first heap   total 189440K, used 124343K [0x0000000780000000, 0x0000000800000000)
  region size 1024K, 50 young (51200K), 1 survivors (1024K)
 Metaspace       used 115584K, capacity 118760K, committed 118892K, reserved 1153024K
  class space    used 14212K, capacity 15325K, committed 15332K, reserved 1048576K
}
Event: 2596.968 GC heap after
{Heap after GC invocations=86 (full 0):
 garbage-first heap   total 189440K, used 80514K [0x0000000780000000, 0x0000000800000000)
  region size 1024K, 6 young (6144K), 6 survivors (6144K)
 Metaspace       used 115584K, capacity 118760K, committed 118892K, reserved 1153024K
  class space    used 14212K, capacity 15325K, committed 15332K, reserved 1048576K
}
Event: 2597.334 GC heap before
{Heap before GC invocations=87 (full 0):
 garbage-first heap   total 189440K, used 109186K [0x0000000780000000, 0x0000000800000000)
  region size 1024K, 34 young (34816K), 6 survivors (6144K)
 Metaspace       used 115649K, capacity 118823K, committed 118892K, reserved 1153024K
  class space    used 14210K, capacity 15323K, committed 15332K, reserved 1048576K
}
Event: 2597.374 GC heap after
{Heap after GC invocations=88 (full 0):
 garbage-first heap   total 189440K, used 84416K [0x0000000780000000, 0x0000000800000000)
  region size 1024K, 9 young (9216K), 9 survivors (9216K)
 Metaspace       used 115649K, capacity 118823K, committed 118892K, reserved 1153024K
  class space    used 14210K, capacity 15323K, committed 15332K, reserved 1048576K
}
Event: 2731.625 GC heap before
{Heap before GC invocations=89 (full 0):
 garbage-first heap   total 189440K, used 161216K [0x0000000780000000, 0x0000000800000000)
  region size 1024K, 69 young (70656K), 9 survivors (9216K)
 Metaspace       used 115771K, capacity 118830K, committed 118892K, reserved 1153024K
  class space    used 14211K, capacity 15323K, committed 15332K, reserved 1048576K
}
Event: 2731.666 GC heap after
{Heap after GC invocations=90 (full 0):
 garbage-first heap   total 189440K, used 87931K [0x0000000780000000, 0x0000000800000000)
  region size 1024K, 9 young (9216K), 9 survivors (9216K)
 Metaspace       used 115771K, capacity 118830K, committed 118892K, reserved 1153024K
  class space    used 14211K, capacity 15323K, committed 15332K, reserved 1048576K
}
Event: 2731.675 GC heap before
{Heap before GC invocations=90 (full 0):
 garbage-first heap   total 189440K, used 88955K [0x0000000780000000, 0x0000000800000000)
  region size 1024K, 10 young (10240K), 9 survivors (9216K)
 Metaspace       used 115771K, capacity 118830K, committed 118892K, reserved 1153024K
  class space    used 14211K, capacity 15323K, committed 15332K, reserved 1048576K
}
Event: 2731.744 GC heap after
{Heap after GC invocations=91 (full 0):
 garbage-first heap   total 189440K, used 82588K [0x0000000780000000, 0x0000000800000000)
  region size 1024K, 1 young (1024K), 1 survivors (1024K)
 Metaspace       used 115771K, capacity 118830K, committed 118892K, reserved 1153024K
  class space    used 14211K, capacity 15323K, committed 15332K, reserved 1048576K
}
Event: 2731.842 GC heap before
{Heap before GC invocations=91 (full 0):
 garbage-first heap   total 189440K, used 104092K [0x0000000780000000, 0x0000000800000000)
  region size 1024K, 24 young (24576K), 1 survivors (1024K)
 Metaspace       used 115779K, capacity 118894K, committed 119148K, reserved 1153024K
  class space    used 14211K, capacity 15323K, committed 15332K, reserved 1048576K
}
Event: 2731.862 GC heap after
{Heap after GC invocations=92 (full 0):
 garbage-first heap   total 189440K, used 95232K [0x0000000780000000, 0x0000000800000000)
  region size 1024K, 8 young (8192K), 8 survivors (8192K)
 Metaspace       used 115779K, capacity 118894K, committed 119148K, reserved 1153024K
  class space    used 14211K, capacity 15323K, committed 15332K, reserved 1048576K
}

