# JRE version: OpenJDK Runtime Environment JBR-11.0.12.7-1504.28-jcef (11.0.12+7) (build 11.0.12+7-b1504.28)
# Java VM: OpenJDK 64-Bit Server VM JBR-11.0.12.7-1504.28-jcef (11.0.12+7-b1504.28, mixed mode, tiered, compressed oops, g1 gc, bsd-amd64)
Heap:
 garbage-first heap   total 189440K, used 120361K [0x0000000780000000, 0x0000000800000000)
  region size 1024K, 27 young (27648K), 6 survivors (6144K)
 Metaspace       used 90943K, capacity 92942K, committed 93516K, reserved 1130496K
  class space    used 11307K, capacity 11987K, committed 12160K, reserved 1048576K
GC Heap History (20 events):
Event: 9.391 GC heap before
{Heap before GC invocations=14 (full 0):
 garbage-first heap   total 189440K, used 119559K [0x0000000780000000, 0x0000000800000000)
  region size 1024K, 81 young (82944K), 8 survivors (8192K)
 Metaspace       used 66309K, capacity 67832K, committed 68172K, reserved 1107968K
  class space    used 8692K, capacity 9242K, committed 9344K, reserved 1048576K
}
Event: 9.402 GC heap after
{Heap after GC invocations=15 (full 0):
 garbage-first heap   total 189440K, used 49541K [0x0000000780000000, 0x0000000800000000)
  region size 1024K, 9 young (9216K), 9 survivors (9216K)
 Metaspace       used 66309K, capacity 67832K, committed 68172K, reserved 1107968K
  class space    used 8692K, capacity 9242K, committed 9344K, reserved 1048576K
}
Event: 10.493 GC heap before
{Heap before GC invocations=15 (full 0):
 garbage-first heap   total 189440K, used 125317K [0x0000000780000000, 0x0000000800000000)
  region size 1024K, 84 young (86016K), 9 survivors (9216K)
 Metaspace       used 73785K, capacity 75671K, committed 75980K, reserved 1114112K
  class space    used 9690K, capacity 10369K, committed 10496K, reserved 1048576K
}
Event: 10.502 GC heap after
{Heap after GC invocations=16 (full 0):
 garbage-first heap   total 189440K, used 54150K [0x0000000780000000, 0x0000000800000000)
  region size 1024K, 10 young (10240K), 10 survivors (10240K)
 Metaspace       used 73785K, capacity 75671K, committed 75980K, reserved 1114112K
  class space    used 9690K, capacity 10369K, committed 10496K, reserved 1048576K
}
Event: 11.512 GC heap before
{Heap before GC invocations=16 (full 0):
 garbage-first heap   total 189440K, used 134022K [0x0000000780000000, 0x0000000800000000)
  region size 1024K, 89 young (91136K), 10 survivors (10240K)
 Metaspace       used 75418K, capacity 77328K, committed 77644K, reserved 1116160K
  class space    used 9847K, capacity 10511K, committed 10624K, reserved 1048576K
}
Event: 11.523 GC heap after
{Heap after GC invocations=17 (full 0):
 garbage-first heap   total 189440K, used 61479K [0x0000000780000000, 0x0000000800000000)
  region size 1024K, 12 young (12288K), 12 survivors (12288K)
 Metaspace       used 75418K, capacity 77328K, committed 77644K, reserved 1116160K
  class space    used 9847K, capacity 10511K, committed 10624K, reserved 1048576K
}
Event: 12.057 GC heap before
{Heap before GC invocations=17 (full 0):
 garbage-first heap   total 189440K, used 148519K [0x0000000780000000, 0x0000000800000000)
  region size 1024K, 87 young (89088K), 12 survivors (12288K)
 Metaspace       used 75978K, capacity 77984K, committed 78156K, reserved 1116160K
  class space    used 9886K, capacity 10577K, committed 10624K, reserved 1048576K
}
Event: 12.082 GC heap after
{Heap after GC invocations=18 (full 0):
 garbage-first heap   total 189440K, used 75055K [0x0000000780000000, 0x0000000800000000)
  region size 1024K, 11 young (11264K), 11 survivors (11264K)
 Metaspace       used 75978K, capacity 77984K, committed 78156K, reserved 1116160K
  class space    used 9886K, capacity 10577K, committed 10624K, reserved 1048576K
}
Event: 12.711 GC heap before
{Heap before GC invocations=18 (full 0):
 garbage-first heap   total 189440K, used 154927K [0x0000000780000000, 0x0000000800000000)
  region size 1024K, 75 young (76800K), 11 survivors (11264K)
 Metaspace       used 79504K, capacity 81411K, committed 81740K, reserved 1120256K
  class space    used 10191K, capacity 10854K, committed 10880K, reserved 1048576K
}
Event: 12.725 GC heap after
{Heap after GC invocations=19 (full 0):
 garbage-first heap   total 189440K, used 83736K [0x0000000780000000, 0x0000000800000000)
  region size 1024K, 8 young (8192K), 8 survivors (8192K)
 Metaspace       used 79504K, capacity 81411K, committed 81740K, reserved 1120256K
  class space    used 10191K, capacity 10854K, committed 10880K, reserved 1048576K
}
Event: 13.066 GC heap before
{Heap before GC invocations=19 (full 0):
 garbage-first heap   total 189440K, used 144152K [0x0000000780000000, 0x0000000800000000)
  region size 1024K, 68 young (69632K), 8 survivors (8192K)
 Metaspace       used 80357K, capacity 82326K, committed 82636K, reserved 1120256K
  class space    used 10262K, capacity 10963K, committed 11008K, reserved 1048576K
}
Event: 13.073 GC heap after
{Heap after GC invocations=20 (full 0):
 garbage-first heap   total 189440K, used 84162K [0x0000000780000000, 0x0000000800000000)
  region size 1024K, 3 young (3072K), 3 survivors (3072K)
 Metaspace       used 80357K, capacity 82326K, committed 82636K, reserved 1120256K
  class space    used 10262K, capacity 10963K, committed 11008K, reserved 1048576K
}
Event: 13.419 GC heap before
{Heap before GC invocations=20 (full 0):
 garbage-first heap   total 189440K, used 147650K [0x0000000780000000, 0x0000000800000000)
  region size 1024K, 66 young (67584K), 3 survivors (3072K)
 Metaspace       used 81216K, capacity 83196K, committed 83532K, reserved 1122304K
  class space    used 10315K, capacity 11016K, committed 11136K, reserved 1048576K
}
Event: 13.424 GC heap after
{Heap after GC invocations=21 (full 0):
 garbage-first heap   total 189440K, used 86554K [0x0000000780000000, 0x0000000800000000)
  region size 1024K, 6 young (6144K), 6 survivors (6144K)
 Metaspace       used 81216K, capacity 83196K, committed 83532K, reserved 1122304K
  class space    used 10315K, capacity 11016K, committed 11136K, reserved 1048576K
}
Event: 14.021 GC heap before
{Heap before GC invocations=21 (full 0):
 garbage-first heap   total 189440K, used 149018K [0x0000000780000000, 0x0000000800000000)
  region size 1024K, 68 young (69632K), 6 survivors (6144K)
 Metaspace       used 84669K, capacity 86773K, committed 86988K, reserved 1124352K
  class space    used 10748K, capacity 11459K, committed 11520K, reserved 1048576K
}
Event: 14.027 GC heap after
{Heap after GC invocations=22 (full 0):
 garbage-first heap   total 189440K, used 89480K [0x0000000780000000, 0x0000000800000000)
  region size 1024K, 6 young (6144K), 6 survivors (6144K)
 Metaspace       used 84669K, capacity 86773K, committed 86988K, reserved 1124352K
  class space    used 10748K, capacity 11459K, committed 11520K, reserved 1048576K
}
Event: 15.612 GC heap before
{Heap before GC invocations=22 (full 0):
 garbage-first heap   total 189440K, used 152968K [0x0000000780000000, 0x0000000800000000)
  region size 1024K, 69 young (70656K), 6 survivors (6144K)
 Metaspace       used 86912K, capacity 88999K, committed 89292K, reserved 1126400K
  class space    used 10963K, capacity 11684K, committed 11776K, reserved 1048576K
}
Event: 15.619 GC heap after
{Heap after GC invocations=23 (full 0):
 garbage-first heap   total 189440K, used 93674K [0x0000000780000000, 0x0000000800000000)
  region size 1024K, 7 young (7168K), 7 survivors (7168K)
 Metaspace       used 86912K, capacity 88999K, committed 89292K, reserved 1126400K
  class space    used 10963K, capacity 11684K, committed 11776K, reserved 1048576K
}
Event: 15.763 GC heap before
{Heap before GC invocations=23 (full 0):
 garbage-first heap   total 189440K, used 100842K [0x0000000780000000, 0x0000000800000000)
  region size 1024K, 15 young (15360K), 7 survivors (7168K)
 Metaspace       used 87984K, capacity 90104K, committed 90444K, reserved 1128448K
  class space    used 11111K, capacity 11819K, committed 11904K, reserved 1048576K
}
Event: 15.769 GC heap after
{Heap after GC invocations=24 (full 0):
 garbage-first heap   total 189440K, used 94761K [0x0000000780000000, 0x0000000800000000)
  region size 1024K, 6 young (6144K), 6 survivors (6144K)
 Metaspace       used 87984K, capacity 90104K, committed 90444K, reserved 1128448K
  class space    used 11111K, capacity 11819K, committed 11904K, reserved 1048576K
}

